  Building MyProjectEditor...
  Using Visual Studio 2019 14.29.30148 toolchain (C:\Program Files (x86)\Microsoft Visual Studio\2019\Community\VC\Tools\MSVC\14.29.30133) and Windows 10.0.17763.0 SDK (C:\Program Files (x86)\Windows Kits\10).
  Building 4 actions with 8 processes...
    [1/4] Enemy.cpp
C:\Program Files\Epic Games\UE_4.27\Engine\Intermediate\Build\Win64\UE4Editor\Inc\Engine\CharacterMovementReplication.generated.h(22): error C2143: syntax error: missing ';' before ''template<''
C:\Program Files\Epic Games\UE_4.27\Engine\Intermediate\Build\Win64\UE4Editor\Inc\Engine\CharacterMovementReplication.generated.h(22): error C4430: missing type specifier - int assumed. Note: C++ does not support default-int
C:\Program Files (x86)\Microsoft Visual Studio\2019\Community\MSBuild\Microsoft\VC\v160\Microsoft.MakeFile.Targets(45,5): error MSB3073: The command ""C:\Program Files\Epic Games\UE_4.27\Engine\Build\BatchFiles\Build.bat" MyProjectEditor Win64 Development -Project="C:\Unreal Engine\LearningRPG\MyProject\MyProject.uproject" -WaitMutex -FromMsBuild" exited with code 6.
